mode: set
grpc-tunnel/pkg/bridge/client.go:22.54,23.89 1 1
grpc-tunnel/pkg/bridge/client.go:23.89,26.17 2 1
grpc-tunnel/pkg/bridge/client.go:26.17,28.4 1 1
grpc-tunnel/pkg/bridge/client.go:30.3,30.35 1 1
grpc-tunnel/pkg/bridge/conn.go:19.52,21.2 1 1
grpc-tunnel/pkg/bridge/conn.go:23.53,25.24 1 1
grpc-tunnel/pkg/bridge/conn.go:25.24,29.3 3 1
grpc-tunnel/pkg/bridge/conn.go:32.2,33.16 2 1
grpc-tunnel/pkg/bridge/conn.go:33.16,35.3 1 1
grpc-tunnel/pkg/bridge/conn.go:37.2,37.40 1 1
grpc-tunnel/pkg/bridge/conn.go:37.40,39.3 1 0
grpc-tunnel/pkg/bridge/conn.go:42.2,43.19 2 1
grpc-tunnel/pkg/bridge/conn.go:43.19,45.3 1 1
grpc-tunnel/pkg/bridge/conn.go:46.2,46.15 1 1
grpc-tunnel/pkg/bridge/conn.go:49.54,51.16 2 1
grpc-tunnel/pkg/bridge/conn.go:51.16,53.3 1 1
grpc-tunnel/pkg/bridge/conn.go:54.2,54.20 1 1
grpc-tunnel/pkg/bridge/conn.go:57.39,59.2 1 1
grpc-tunnel/pkg/bridge/conn.go:61.46,63.2 1 1
grpc-tunnel/pkg/bridge/conn.go:65.47,67.2 1 1
grpc-tunnel/pkg/bridge/conn.go:69.56,73.2 3 1
grpc-tunnel/pkg/bridge/conn.go:75.60,78.2 2 1
grpc-tunnel/pkg/bridge/conn.go:80.61,83.2 2 1
grpc-tunnel/pkg/bridge/server.go:46.50,48.29 1 1
grpc-tunnel/pkg/bridge/server.go:48.29,50.3 1 1
grpc-tunnel/pkg/bridge/server.go:51.2,51.30 1 1
grpc-tunnel/pkg/bridge/server.go:51.30,53.3 1 1
grpc-tunnel/pkg/bridge/server.go:54.2,54.28 1 1
grpc-tunnel/pkg/bridge/server.go:54.28,55.48 1 1
grpc-tunnel/pkg/bridge/server.go:55.48,55.63 1 1
grpc-tunnel/pkg/bridge/server.go:58.2,64.71 2 1
grpc-tunnel/pkg/bridge/server.go:64.71,67.17 2 1
grpc-tunnel/pkg/bridge/server.go:67.17,69.4 1 1
grpc-tunnel/pkg/bridge/server.go:70.3,73.27 2 1
grpc-tunnel/pkg/bridge/server.go:73.27,75.4 1 1
grpc-tunnel/pkg/bridge/server.go:76.3,76.16 1 1
grpc-tunnel/pkg/bridge/server.go:76.16,77.31 1 1
grpc-tunnel/pkg/bridge/server.go:77.31,79.5 1 1
grpc-tunnel/pkg/bridge/server.go:83.3,90.5 4 1
grpc-tunnel/pkg/bridge/server.go:104.66,109.2 2 1
